<?xml version="1.0" encoding="UTF-8"?>
<!-- Generated by org.testng.reporters.JUnitXMLReporter -->
<testsuite ignored="0" hostname="Osama-MacBook-Pro.local" failures="2" tests="2" name="Login" time="71.992" errors="0" timestamp="2022-08-02T17:41:00 PKT">
  <testcase classname="com.learnautomation.testcases.TestCaseWithoutFramework" name="test1" time="0.051">
    <failure type="java.lang.IllegalStateException" message="The driver executable must exist: /Drivers/chromedriver4">
      <![CDATA[java.lang.IllegalStateException: The driver executable must exist: /Drivers/chromedriver4
at org.openqa.selenium.internal.Require$FileStateChecker.isFile(Require.java:342)
at org.openqa.selenium.remote.service.DriverService.checkExecutable(DriverService.java:147)
at org.openqa.selenium.remote.service.DriverService.findExecutable(DriverService.java:142)
at org.openqa.selenium.chrome.ChromeDriverService.access$000(ChromeDriverService.java:39)
at org.openqa.selenium.chrome.ChromeDriverService$Builder.findDefaultExecutable(ChromeDriverService.java:233)
at org.openqa.selenium.remote.service.DriverService$Builder.build(DriverService.java:437)
at org.openqa.selenium.chrome.ChromeDriverService.createDefaultService(ChromeDriverService.java:128)
at org.openqa.selenium.chrome.ChromeDriver.<init>(ChromeDriver.java:49)
at com.learnautomation.testcases.TestCaseWithoutFramework.test1(TestCaseWithoutFramework.java:17)
at java.base/java.util.ArrayList.forEach(ArrayList.java:1507)
... Removed 27 stack frames]]>
    </failure>
  </testcase> <!-- test1 -->
  <testcase classname="com.learnautomation.testcases.LoginTestCRM" name="loginApp" time="0.007">
    <failure type="java.lang.NullPointerException">
      <![CDATA[java.lang.NullPointerException
at com.learnautomation.utilities.ExcelDataProvider.getStringData(ExcelDataProvider.java:34)
at com.learnautomation.testcases.LoginTestCRM.loginApp(LoginTestCRM.java:29)
at java.base/java.util.ArrayList.forEach(ArrayList.java:1507)
... Removed 27 stack frames]]>
    </failure>
  </testcase> <!-- loginApp -->
</testsuite> <!-- Login -->
