<?xml version="1.0" encoding="UTF-8"?>
<testng-results ignored="0" total="1" passed="1" failed="0" skipped="0">
  <reporter-output>
  </reporter-output>
  <suite started-at="2022-08-03T16:23:40 PKT" name="Default suite" finished-at="2022-08-03T16:24:24 PKT" duration-ms="44134">
    <groups>
    </groups>
    <test started-at="2022-08-03T16:23:40 PKT" name="Default test" finished-at="2022-08-03T16:24:24 PKT" duration-ms="44134">
      <class name="com.learnautomation.testcases.LoginTestCRM">
        <test-method is-config="true" signature="setUp()[pri:0, instance:com.learnautomation.testcases.LoginTestCRM@8dbdac1]" started-at="2022-08-03T16:23:40 PKT" name="setUp" finished-at="2022-08-03T16:23:58 PKT" duration-ms="18601" status="PASS">
          <reporter-output>
          </reporter-output>
        </test-method> <!-- setUp -->
        <test-method is-config="true" signature="setUp()[pri:0, instance:com.learnautomation.testcases.LoginTestCRM@8dbdac1]" started-at="2022-08-03T16:23:58 PKT" name="setUp" finished-at="2022-08-03T16:24:10 PKT" duration-ms="11840" status="PASS">
          <reporter-output>
          </reporter-output>
        </test-method> <!-- setUp -->
        <test-method signature="loginApp()[pri:0, instance:com.learnautomation.testcases.LoginTestCRM@8dbdac1]" started-at="2022-08-03T16:24:10 PKT" name="loginApp" finished-at="2022-08-03T16:24:24 PKT" duration-ms="13497" status="PASS">
          <reporter-output>
          </reporter-output>
        </test-method> <!-- loginApp -->
        <test-method is-config="true" signature="tearDown()[pri:0, instance:com.learnautomation.testcases.LoginTestCRM@8dbdac1]" started-at="2022-08-03T16:24:24 PKT" name="tearDown" finished-at="2022-08-03T16:24:24 PKT" duration-ms="159" status="PASS">
          <reporter-output>
          </reporter-output>
        </test-method> <!-- tearDown -->
        <test-method is-config="true" signature="tearDown()[pri:0, instance:com.learnautomation.testcases.LoginTestCRM@8dbdac1]" started-at="2022-08-03T16:24:24 PKT" name="tearDown" finished-at="2022-08-03T16:24:24 PKT" duration-ms="1" status="PASS">
          <reporter-output>
          </reporter-output>
        </test-method> <!-- tearDown -->
      </class> <!-- com.learnautomation.testcases.LoginTestCRM -->
    </test> <!-- Default test -->
  </suite> <!-- Default suite -->
</testng-results>
